<?xml version="1.0" encoding="UTF-8"?>
<!-- Generated by org.testng.reporters.JUnitXMLReporter -->
<testsuite ignored="0" hostname="DESKTOP-13EV4P4" failures="0" tests="3" name="Default test" time="25.214" errors="0" timestamp="2023-12-04T18:20:23 EET">
  <testcase classname="second_task.signupAndLogin" name="SignUpTest" time="6.247"/>
  <testcase classname="second_task.signupAndLogin" name="LogoutTest" time="11.147"/>
  <testcase classname="second_task.signupAndLogin" name="LoginTest" time="5.262"/>
</testsuite> <!-- Default test -->
