<?xml version="1.0" encoding="UTF-8"?>
<!-- Generated by org.testng.reporters.JUnitXMLReporter -->
<testsuite ignored="0" hostname="DESKTOP-13EV4P4" failures="0" tests="3" name="Default test" time="27.311" errors="0" timestamp="2023-12-04T18:39:21 EET">
  <testcase classname="second_task.signupAndLogin" name="SignUpTest" time="6.786"/>
  <testcase classname="second_task.signupAndLogin" name="LogoutTest" time="11.804"/>
  <testcase classname="second_task.signupAndLogin" name="LoginTest" time="5.994"/>
</testsuite> <!-- Default test -->
