<?xml version="1.0" encoding="UTF-8"?>
<testng-results ignored="0" total="3" passed="3" failed="0" skipped="0">
  <reporter-output>
  </reporter-output>
  <suite started-at="2023-12-04T18:38:53 EET" name="Default suite" finished-at="2023-12-04T18:39:21 EET" duration-ms="27311">
    <groups>
    </groups>
    <test started-at="2023-12-04T18:38:53 EET" name="Default test" finished-at="2023-12-04T18:39:21 EET" duration-ms="27311">
      <class name="second_task.signupAndLogin">
        <test-method is-config="true" signature="myBeforeTest()[pri:0, instance:second_task.signupAndLogin@5ed731d0]" started-at="2023-12-04T18:38:53 EET" name="myBeforeTest" finished-at="2023-12-04T18:38:56 EET" duration-ms="2649" status="PASS">
          <reporter-output>
          </reporter-output>
        </test-method> <!-- myBeforeTest -->
        <test-method signature="SignUpTest()[pri:1, instance:second_task.signupAndLogin@5ed731d0]" started-at="2023-12-04T18:38:56 EET" name="SignUpTest" finished-at="2023-12-04T18:39:03 EET" duration-ms="6786" status="PASS">
          <reporter-output>
          </reporter-output>
        </test-method> <!-- SignUpTest -->
        <test-method signature="LogoutTest()[pri:2, instance:second_task.signupAndLogin@5ed731d0]" started-at="2023-12-04T18:39:03 EET" name="LogoutTest" finished-at="2023-12-04T18:39:15 EET" duration-ms="11804" status="PASS">
          <reporter-output>
          </reporter-output>
        </test-method> <!-- LogoutTest -->
        <test-method signature="LoginTest()[pri:3, instance:second_task.signupAndLogin@5ed731d0]" started-at="2023-12-04T18:39:15 EET" name="LoginTest" finished-at="2023-12-04T18:39:21 EET" duration-ms="5994" status="PASS">
          <reporter-output>
          </reporter-output>
        </test-method> <!-- LoginTest -->
      </class> <!-- second_task.signupAndLogin -->
    </test> <!-- Default test -->
  </suite> <!-- Default suite -->
</testng-results>
